[16/06/2025 14:25:11,43] ["INFO"] "Verification des prerequis Docker et Docker-Compose." 
[16/06/2025 14:25:11,98] ["SUCCESS"] "Tous les prerequis sont satisfaits" 
[16/06/2025 14:25:11,99] ["INFO"] "=== PHASE 1: DIAGNOSTIC ===" 
[16/06/2025 14:25:11,99] ["INFO"] "Liste de tous les conteneurs:" 
NAMES     STATUS    PORTS
[16/06/2025 14:25:12,05] ["INFO"] "Usage des ressources systeme:" 
CONTAINER   CPU %     MEM USAGE / LIMIT   MEM %
[16/06/2025 14:25:12,62] ["INFO"] "Recuperation des logs des services cles..." 
[16/06/2025 14:25:12,74] ["DEBUG"] "Logs pour le service: livekit" 
=== LOGS livekit === 
=== FIN LOGS livekit === 
[16/06/2025 14:25:13,00] ["DEBUG"] "Logs pour le service: whisper-stt" 
=== LOGS whisper-stt === 
=== FIN LOGS whisper-stt === 
[16/06/2025 14:25:13,25] ["DEBUG"] "Logs pour le service: piper-tts" 
=== LOGS piper-tts === 
=== FIN LOGS piper-tts === 
[16/06/2025 14:25:13,50] ["DEBUG"] "Logs pour le service: eloquence-agent" 
=== LOGS eloquence-agent === 
=== FIN LOGS eloquence-agent === 
[16/06/2025 14:25:13,75] ["DEBUG"] "Logs pour le service: api-backend" 
=== LOGS api-backend === 
=== FIN LOGS api-backend === 
[16/06/2025 14:25:13,92] ["SUCCESS"] "Diagnostic termine" 
[16/06/2025 14:25:13,93] ["INFO"] "=== PHASE 2: NETTOYAGE DOCKER ===" 
[16/06/2025 14:25:13,93] ["INFO"] "Arret des services en cours..." 
[16/06/2025 14:25:14,02] ["INFO"] "Nettoyage des conteneurs arretes..." 
[16/06/2025 14:25:14,11] ["INFO"] "Nettoyage des conteneurs arretes: Total reclaimed space: 0B" 
[16/06/2025 14:25:14,12] ["INFO"] "Nettoyage de toutes les images non utilisees..." 
[16/06/2025 14:25:15,65] ["INFO"] "Nettoyage des images: Total reclaimed space: 50.84kB" 
[16/06/2025 14:25:15,65] ["INFO"] "Nettoyage des volumes non utilises..." 
[16/06/2025 14:25:15,74] ["INFO"] "Nettoyage des volumes: Total reclaimed space: 0B" 
[16/06/2025 14:25:15,75] ["INFO"] "Nettoyage des reseaux non utilises..." 
[16/06/2025 14:25:15,83] ["INFO"] "Nettoyage des reseaux: " 
[16/06/2025 14:25:15,84] ["SUCCESS"] "Nettoyage Docker termine" 
[16/06/2025 14:25:15,84] ["INFO"] "=== PHASE 3: RECONSTRUCTION DES IMAGES ===" 
[16/06/2025 14:25:15,85] ["INFO"] "Reconstruction des images sans cache..." 
[16/06/2025 14:30:31,34] ["SUCCESS"] "Reconstruction des images terminee avec succes" 
[16/06/2025 14:30:31,35] ["INFO"] "=== PHASE 4: REDEMARRAGE DES SERVICES ===" 
[16/06/2025 14:30:31,35] ["INFO"] "Verification que chaque service a 'restart: on-failure:5'..." 
[16/06/2025 14:30:31,40] ["WARNING"] "Service 'livekit' non trouve dans docker-compose.yml. Impossible de verifier 'restart: on-failure:5'." 
[16/06/2025 14:30:31,40] ["INFO"] "Service ' on-failure:5'." 
[16/06/2025 14:30:31,40] ["SUCCESS"] "Tous les services ont 'restart: on-failure:5'." 
[16/06/2025 14:30:31,41] ["INFO"] "Demarrage des services en mode detache..." 
[16/06/2025 14:30:36,93] ["SUCCESS"] "Services demarres avec succes" 
[16/06/2025 14:30:36,93] ["INFO"] "Attente de 10 secondes pour la stabilisation des services..." 
[16/06/2025 14:30:46,12] ["INFO"] "=== PHASE 5: VERIFICATION DE LA SANTE DES SERVICES ===" 
[16/06/2025 14:30:46,26] ["SUCCESS"] "Tous les services sont sains." 
[16/06/2025 14:30:46,27] ["INFO"] "=== RAPPORT FINAL ===" 
[16/06/2025 14:30:46,77] ["SUCCESS"] "Maintenance Docker terminee avec succes" 
[16/06/2025 14:30:46,77] ["INFO"] "Services disponibles:" 
[16/06/2025 14:30:46,78] ["INFO"] "  • LiveKit Server: http://localhost:7880" 
[16/06/2025 14:30:46,78] ["INFO"] "  • Whisper STT: http://localhost:8001" 
[16/06/2025 14:30:46,78] ["INFO"] "  • Piper TTS: http://localhost:5002" 
[16/06/2025 14:30:46,79] ["INFO"] "  • API Backend: http://localhost:8000" 
[16/06/2025 14:30:46,82] ["WARNING"] "Service 'livekit' non trouve dans docker-compose.yml. Impossible de verifier 'restart: on-failure:5'." 
[16/06/2025 14:30:46,83] ["INFO"] "Service ' on-failure:5'." 
[16/06/2025 14:30:46,83] ["SUCCESS"] "Tous les services ont 'restart: on-failure:5'." 
