[16/06/2025 17:57:14,77] ["INFO"] "Verification des prerequis Docker et Docker-Compose." 
[16/06/2025 17:57:15,48] ["SUCCESS"] "Tous les prerequis sont satisfaits" 
[16/06/2025 17:57:15,48] ["INFO"] "=== PHASE 1: DIAGNOSTIC ===" 
[16/06/2025 17:57:15,49] ["INFO"] "Liste de tous les conteneurs:" 
NAMES     STATUS    PORTS
[16/06/2025 17:57:15,54] ["INFO"] "Usage des ressources systeme:" 
CONTAINER   CPU %     MEM USAGE / LIMIT   MEM %
[16/06/2025 17:57:16,10] ["INFO"] "Recuperation des logs des services cles..." 
[16/06/2025 17:57:16,21] ["DEBUG"] "Logs pour le service: livekit" 
=== LOGS livekit === 
=== FIN LOGS livekit === 
[16/06/2025 17:57:16,57] ["DEBUG"] "Logs pour le service: whisper-stt" 
=== LOGS whisper-stt === 
=== FIN LOGS whisper-stt === 
[16/06/2025 17:57:16,85] ["DEBUG"] "Logs pour le service: piper-tts" 
=== LOGS piper-tts === 
=== FIN LOGS piper-tts === 
[16/06/2025 17:57:17,11] ["DEBUG"] "Logs pour le service: eloquence-agent" 
=== LOGS eloquence-agent === 
=== FIN LOGS eloquence-agent === 
[16/06/2025 17:57:17,37] ["DEBUG"] "Logs pour le service: api-backend" 
=== LOGS api-backend === 
=== FIN LOGS api-backend === 
[16/06/2025 17:57:17,54] ["SUCCESS"] "Diagnostic termine" 
[16/06/2025 17:57:17,55] ["INFO"] "=== PHASE 2: NETTOYAGE DOCKER ===" 
[16/06/2025 17:57:17,55] ["INFO"] "Arret des services en cours..." 
[16/06/2025 17:57:17,65] ["INFO"] "Nettoyage des conteneurs arretes..." 
[16/06/2025 17:57:17,74] ["INFO"] "Nettoyage des conteneurs arretes: Total reclaimed space: 0B" 
[16/06/2025 17:57:17,74] ["INFO"] "Nettoyage de toutes les images non utilisees..." 
[16/06/2025 17:57:20,55] ["INFO"] "Nettoyage des images: Total reclaimed space: 50.85kB" 
[16/06/2025 17:57:20,55] ["INFO"] "Nettoyage des volumes non utilises..." 
[16/06/2025 17:57:20,64] ["INFO"] "Nettoyage des volumes: Total reclaimed space: 0B" 
[16/06/2025 17:57:20,64] ["INFO"] "Nettoyage des reseaux non utilises..." 
[16/06/2025 17:57:20,72] ["INFO"] "Nettoyage des reseaux: " 
[16/06/2025 17:57:20,72] ["SUCCESS"] "Nettoyage Docker termine" 
[16/06/2025 17:57:20,73] ["INFO"] "=== PHASE 3: RECONSTRUCTION DES IMAGES ===" 
[16/06/2025 17:57:20,73] ["INFO"] "Reconstruction des images sans cache..." 
[16/06/2025 18:02:09,36] ["SUCCESS"] "Reconstruction des images terminee avec succes" 
[16/06/2025 18:02:09,37] ["INFO"] "=== PHASE 4: REDEMARRAGE DES SERVICES ===" 
[16/06/2025 18:02:09,37] ["INFO"] "Verification que chaque service a 'restart: on-failure:5'..." 
[16/06/2025 18:02:09,38] ["DEBUG"] "Verification de 'restart: on-failure:5' pour service 'livekit'." 
[16/06/2025 18:02:09,42] ["INFO"] "Service 'livekit' a 'restart: on-failure:5'." 
[16/06/2025 18:02:09,42] ["DEBUG"] "Verification de 'restart: on-failure:5' pour service 'whisper-stt'." 
[16/06/2025 18:02:09,45] ["INFO"] "Service 'whisper-stt' a 'restart: on-failure:5'." 
[16/06/2025 18:02:09,46] ["DEBUG"] "Verification de 'restart: on-failure:5' pour service 'piper-tts'." 
[16/06/2025 18:02:09,49] ["INFO"] "Service 'piper-tts' a 'restart: on-failure:5'." 
[16/06/2025 18:02:09,49] ["DEBUG"] "Verification de 'restart: on-failure:5' pour service 'eloquence-agent'." 
[16/06/2025 18:02:09,52] ["INFO"] "Service 'eloquence-agent' a 'restart: on-failure:5'." 
[16/06/2025 18:02:09,53] ["DEBUG"] "Verification de 'restart: on-failure:5' pour service 'api-backend'." 
[16/06/2025 18:02:09,56] ["INFO"] "Service 'api-backend' a 'restart: on-failure:5'." 
[16/06/2025 18:02:09,57] ["SUCCESS"] "Tous les services ont 'restart: on-failure:5'." 
[16/06/2025 18:02:09,57] ["INFO"] "Demarrage des services en mode detache..." 
[16/06/2025 18:02:18,85] ["SUCCESS"] "Services demarres avec succes" 
[16/06/2025 18:02:18,86] ["INFO"] "Attente de 10 secondes pour la stabilisation des services..." 
[16/06/2025 18:02:28,14] ["INFO"] "=== PHASE 5: VERIFICATION DE LA SANTE DES SERVICES ===" 
[16/06/2025 18:02:28,28] ["SUCCESS"] "Tous les services sont sains." 
[16/06/2025 18:02:28,28] ["INFO"] "=== RAPPORT FINAL ===" 
[16/06/2025 18:02:28,87] ["SUCCESS"] "Maintenance Docker terminee avec succes" 
[16/06/2025 18:02:28,88] ["INFO"] "Services disponibles:" 
[16/06/2025 18:02:28,88] ["INFO"] "  • LiveKit Server: http://localhost:7880" 
[16/06/2025 18:02:28,89] ["INFO"] "  • Whisper STT: http://localhost:8001" 
[16/06/2025 18:02:28,89] ["INFO"] "  • Piper TTS: http://localhost:5002" 
[16/06/2025 18:02:28,90] ["INFO"] "  • API Backend: http://localhost:8000" 
[16/06/2025 18:02:28,90] ["DEBUG"] "Verification de 'restart: on-failure:5' pour service 'livekit'." 
[16/06/2025 18:02:28,94] ["INFO"] "Service 'livekit' a 'restart: on-failure:5'." 
[16/06/2025 18:02:28,94] ["DEBUG"] "Verification de 'restart: on-failure:5' pour service 'whisper-stt'." 
[16/06/2025 18:02:28,97] ["INFO"] "Service 'whisper-stt' a 'restart: on-failure:5'." 
[16/06/2025 18:02:28,97] ["DEBUG"] "Verification de 'restart: on-failure:5' pour service 'piper-tts'." 
[16/06/2025 18:02:29,00] ["INFO"] "Service 'piper-tts' a 'restart: on-failure:5'." 
[16/06/2025 18:02:29,01] ["DEBUG"] "Verification de 'restart: on-failure:5' pour service 'eloquence-agent'." 
[16/06/2025 18:02:29,04] ["INFO"] "Service 'eloquence-agent' a 'restart: on-failure:5'." 
[16/06/2025 18:02:29,04] ["DEBUG"] "Verification de 'restart: on-failure:5' pour service 'api-backend'." 
[16/06/2025 18:02:29,07] ["INFO"] "Service 'api-backend' a 'restart: on-failure:5'." 
[16/06/2025 18:02:29,07] ["SUCCESS"] "Tous les services ont 'restart: on-failure:5'." 
