[16/06/2025 18:27:30,29] ["INFO"] "Verification des prerequis Docker et Docker-Compose." 
[16/06/2025 18:27:30,84] ["SUCCESS"] "Tous les prerequis sont satisfaits" 
[16/06/2025 18:27:30,85] ["INFO"] "=== PHASE 1: DIAGNOSTIC ===" 
[16/06/2025 18:27:30,85] ["INFO"] "Liste de tous les conteneurs:" 
NAMES                                        STATUS                      PORTS
25eloquence-finalisation-api-backend-1       Up 25 minutes               0.0.0.0:8000->8000/tcp
25eloquence-finalisation-eloquence-agent-1   Exited (0) 24 minutes ago   
25eloquence-finalisation-livekit-1           Exited (0) 25 minutes ago   
25eloquence-finalisation-whisper-stt-1       Up 25 minutes (healthy)     0.0.0.0:8001->8001/tcp
25eloquence-finalisation-piper-tts-1         Up 25 minutes (healthy)     0.0.0.0:5002->5002/tcp
[16/06/2025 18:27:30,93] ["INFO"] "Usage des ressources systeme:" 
CONTAINER      CPU %     MEM USAGE / LIMIT   MEM %
ddc62e9053aa   0.12%     35.87MiB / 7.7GiB   0.45%
848fa6676cfc   0.01%     887.2MiB / 7.7GiB   11.25%
6781bde25a04   0.12%     46.84MiB / 7.7GiB   0.59%
[16/06/2025 18:27:32,57] ["INFO"] "Recuperation des logs des services cles..." 
[16/06/2025 18:27:32,95] ["SUCCESS"] "Diagnostic termine" 
[16/06/2025 18:27:32,95] ["INFO"] "=== PHASE 2: NETTOYAGE DOCKER ===" 
[16/06/2025 18:27:32,95] ["INFO"] "Arret des services en cours..." 
[16/06/2025 18:27:33,04] ["INFO"] "Nettoyage des conteneurs arretes..." 
[16/06/2025 18:27:33,20] ["INFO"] "Nettoyage des conteneurs arretes: Total reclaimed space: 12.29kB" 
[16/06/2025 18:27:33,20] ["INFO"] "Nettoyage de toutes les images non utilisees..." 
[16/06/2025 18:27:33,99] ["INFO"] "Nettoyage des images: Total reclaimed space: 32.18MB" 
[16/06/2025 18:27:33,99] ["INFO"] "Nettoyage des volumes non utilises..." 
[16/06/2025 18:27:34,08] ["INFO"] "Nettoyage des volumes: Total reclaimed space: 0B" 
[16/06/2025 18:27:34,08] ["INFO"] "Nettoyage des reseaux non utilises..." 
[16/06/2025 18:27:34,16] ["INFO"] "Nettoyage des reseaux: " 
[16/06/2025 18:27:34,16] ["SUCCESS"] "Nettoyage Docker termine" 
[16/06/2025 18:27:34,17] ["INFO"] "=== PHASE 3: RECONSTRUCTION DES IMAGES ===" 
[16/06/2025 18:27:34,17] ["INFO"] "Reconstruction des images sans cache..." 
[16/06/2025 18:27:34,25] ["ERROR"] "Echec de la reconstruction des images. Veuillez consulter les logs ci-dessus pour le detail." 
